<?xml version="1.0" encoding="UTF-8"?>
<!-- Generated by org.testng.reporters.JUnitReportReporter -->
<testsuite skipped="0" hostname="Shaliens-MacBook-Air.local" name="Tutorial.MavenTest.seleniumTest" tests="2" failures="0" timestamp="2020-05-26T21:23:42 IST" time="0.011" errors="0">
  <testcase name="testWebapp2" time="0.003" classname="Tutorial.MavenTest.seleniumTest"/>
  <system-out/>
  <testcase name="testWebapp" time="0.008" classname="Tutorial.MavenTest.seleniumTest"/>
  <system-out/>
</testsuite> <!-- Tutorial.MavenTest.seleniumTest -->
