<?xml version="1.0" encoding="UTF-8"?>
<!-- Generated by org.testng.reporters.JUnitReportReporter -->
<testsuite skipped="0" hostname="Shaliens-MacBook-Air.local" name="Tutorial.MavenTest.RestAPITest" tests="2" failures="0" timestamp="2020-05-26T21:23:42 IST" time="0.000" errors="0">
  <testcase name="deleteTwitter" time="0.000" classname="Tutorial.MavenTest.RestAPITest"/>
  <system-out/>
  <testcase name="postJiRA" time="0.000" classname="Tutorial.MavenTest.RestAPITest"/>
  <system-out/>
</testsuite> <!-- Tutorial.MavenTest.RestAPITest -->
