<?xml version="1.0" encoding="UTF-8"?>
<!-- Generated by org.testng.reporters.JUnitReportReporter -->
<testsuite skipped="0" hostname="Shaliens-MacBook-Air.local" name="Tutorial.MavenTest.appiumTest" tests="2" failures="0" timestamp="2020-05-26T21:23:42 IST" time="0.002" errors="0">
  <testcase name="nativeAndroidapp" time="0.001" classname="Tutorial.MavenTest.appiumTest"/>
  <system-out/>
  <testcase name="nativeIOSapp" time="0.001" classname="Tutorial.MavenTest.appiumTest"/>
  <system-out/>
</testsuite> <!-- Tutorial.MavenTest.appiumTest -->
